5215527047234:ENCOLADO ans_d28c7072-49c3-4dfc-b272-cfb9746e5717
EJECUTANDO:ans_d28c7072-49c3-4dfc-b272-cfb9746e5717
5215527047234:ENCOLADO ans_d28c7072-49c3-4dfc-b272-cfb9746e5717
5215527047234:SUCCESS
5215527047234:ENCOLADO ans_c671c264-fdaf-4047-b8d6-79e82095cbc5
EJECUTANDO:ans_c671c264-fdaf-4047-b8d6-79e82095cbc5
5215527047234:SUCCESS
5215527047234:ENCOLADO ans_c671c264-fdaf-4047-b8d6-79e82095cbc5
EJECUTANDO:ans_c671c264-fdaf-4047-b8d6-79e82095cbc5
5215527047234:SUCCESS
5215527047234:ENCOLADO ans_c671c264-fdaf-4047-b8d6-79e82095cbc5
EJECUTANDO:ans_c671c264-fdaf-4047-b8d6-79e82095cbc5
5215527047234:SUCCESS
5215527047234:SUCCESS
5215527047234:ENCOLADO ans_c671c264-fdaf-4047-b8d6-79e82095cbc5
EJECUTANDO:ans_c671c264-fdaf-4047-b8d6-79e82095cbc5
5215527047234:SUCCESS
5215527047234:ENCOLADO ans_d28c7072-49c3-4dfc-b272-cfb9746e5717
EJECUTANDO:ans_d28c7072-49c3-4dfc-b272-cfb9746e5717
5215527047234:SUCCESS
5215527047234:ENCOLADO ans_c671c264-fdaf-4047-b8d6-79e82095cbc5
EJECUTANDO:ans_c671c264-fdaf-4047-b8d6-79e82095cbc5
5215527047234:SUCCESS
